{
  "RSpec": {
    "coverage": {
      "/Users/student/Projects/Pairing/Week-4-Bookmark-Manager/bookmark-manager-thu/spec/bookmark_spec.rb": [
        1,
        null,
        1,
        null,
        1,
        null,
        1,
        1,
        1,
        null,
        1,
        1,
        1,
        1,
        null,
        1,
        null,
        1,
        1,
        1,
        1,
        1,
        null,
        null,
        null,
        1,
        1,
        1,
        1,
        null,
        1,
        1,
        1,
        1,
        null,
        null,
        null,
        1,
        1,
        1,
        1,
        null,
        1,
        null,
        null,
        1,
        2,
        null,
        null,
        null,
        1,
        1,
        1,
        1,
        null,
        1,
        1,
        null,
        null,
        1,
        2,
        null,
        null,
        null,
        null
      ],
      "/Users/student/Projects/Pairing/Week-4-Bookmark-Manager/bookmark-manager-thu/spec/features/adding_bookmarks_spec.rb": [
        1,
        1,
        1,
        1,
        1,
        1,
        1,
        null,
        null
      ],
      "/Users/student/Projects/Pairing/Week-4-Bookmark-Manager/bookmark-manager-thu/spec/features/deleting_bookmarks_spec.rb": [
        1,
        1,
        1,
        1,
        1,
        null,
        1,
        null,
        1,
        1,
        null,
        null
      ],
      "/Users/student/Projects/Pairing/Week-4-Bookmark-Manager/bookmark-manager-thu/spec/features/updating_bookmarks_spec.rb": [
        1,
        1,
        1,
        1,
        1,
        null,
        1,
        1,
        1,
        1,
        null,
        1,
        1,
        1,
        null,
        null
      ],
      "/Users/student/Projects/Pairing/Week-4-Bookmark-Manager/bookmark-manager-thu/spec/features/viewing_bookmarks_spec.rb": [
        null,
        1,
        1,
        1,
        1,
        null,
        null,
        null,
        1,
        1,
        1,
        1,
        1,
        null,
        1,
        null,
        1,
        1,
        1,
        null,
        null
      ]
    },
    "timestamp": 1575576270
  }
}
