{
  "RSpec": {
    "coverage": {
      "/Users/bensheridanedwards/Documents/2019/Makers/Main-Course/Week-4/Bookmark_Manager/spec/bookmarks_spec.rb": [
        1,
        null,
        1,
        null,
        1,
        null,
        1,
        1,
        1,
        null,
        null,
        null,
        null
      ],
      "/Users/bensheridanedwards/Documents/2019/Makers/Main-Course/Week-4/Bookmark_Manager/spec/features/bookmark_manager_spec.rb": [
        1,
        1,
        1,
        1,
        null,
        null,
        null,
        1,
        1,
        1,
        1,
        1,
        1,
        null,
        null
      ]
    },
    "timestamp": 1575383646
  }
}
